{"Timestamp":"2021-06-28T15:53:11","Level":"INFO","Class":"StartupInfoLogger","METHOD":"logStarting:55","FRIENDLY_MSG":"Starting CustomerServiceApplication using Java 13.0.2 on IN-L-C14F8DM with PID 30196 (C:\Users\vpalla\Desktop\vishal\workspace\customer-service\target\classes started by VPalla in C:\Users\vpalla\Desktop\vishal\workspace\customer-service)"}
{"Timestamp":"2021-06-28T15:53:11","Level":"INFO","Class":"SpringApplication","METHOD":"logStartupProfileInfo:667","FRIENDLY_MSG":"The following profiles are active: dev"}
{"Timestamp":"2021-06-28T15:53:12","Level":"INFO","Class":"TomcatWebServer","METHOD":"initialize:108","FRIENDLY_MSG":"Tomcat initialized with port(s): 8080 (http)"}
{"Timestamp":"2021-06-28T15:53:12","Level":"INFO","Class":"DirectJDKLog","METHOD":"log:173","FRIENDLY_MSG":"Initializing ProtocolHandler ["http-nio-8080"]"}
{"Timestamp":"2021-06-28T15:53:12","Level":"INFO","Class":"DirectJDKLog","METHOD":"log:173","FRIENDLY_MSG":"Starting service [Tomcat]"}
{"Timestamp":"2021-06-28T15:53:12","Level":"INFO","Class":"DirectJDKLog","METHOD":"log:173","FRIENDLY_MSG":"Starting Servlet engine: [Apache Tomcat/9.0.46]"}
{"Timestamp":"2021-06-28T15:53:12","Level":"INFO","Class":"DirectJDKLog","METHOD":"log:173","FRIENDLY_MSG":"Initializing Spring embedded WebApplicationContext"}
{"Timestamp":"2021-06-28T15:53:12","Level":"INFO","Class":"ServletWebServerApplicationContext","METHOD":"prepareWebApplicationContext:290","FRIENDLY_MSG":"Root WebApplicationContext: initialization completed in 1556 ms"}
{"Timestamp":"2021-06-28T15:53:13","Level":"INFO","Class":"DirectJDKLog","METHOD":"log:173","FRIENDLY_MSG":"Starting ProtocolHandler ["http-nio-8080"]"}
{"Timestamp":"2021-06-28T15:53:14","Level":"INFO","Class":"TomcatWebServer","METHOD":"start:220","FRIENDLY_MSG":"Tomcat started on port(s): 8080 (http) with context path ''"}
{"Timestamp":"2021-06-28T15:53:14","Level":"INFO","Class":"StartupInfoLogger","METHOD":"logStarted:61","FRIENDLY_MSG":"Started CustomerServiceApplication in 3.802 seconds (JVM running for 5.3)"}
{"Timestamp":"2021-06-28T15:53:14","Level":"INFO","Class":"ApplicationAvailabilityBean","METHOD":"logStateChange:75","FRIENDLY_MSG":"Application availability state LivenessState changed to CORRECT"}
{"Timestamp":"2021-06-28T15:53:14","Level":"INFO","Class":"ApplicationAvailabilityBean","METHOD":"logStateChange:75","FRIENDLY_MSG":"Application availability state ReadinessState changed to ACCEPTING_TRAFFIC"}
{"Timestamp":"2021-06-28T15:54:32","Level":"INFO","Class":"DirectJDKLog","METHOD":"log:173","FRIENDLY_MSG":"Initializing Spring DispatcherServlet 'dispatcherServlet'"}
{"Timestamp":"2021-06-28T15:54:32","Level":"INFO","Class":"FrameworkServlet","METHOD":"initServletBean:525","FRIENDLY_MSG":"Initializing Servlet 'dispatcherServlet'"}
{"Timestamp":"2021-06-28T15:54:32","Level":"INFO","Class":"FrameworkServlet","METHOD":"initServletBean:547","FRIENDLY_MSG":"Completed initialization in 1 ms"}
{"Timestamp":"2021-06-28T15:54:32","Level":"INFO","Class":"CustomerServiceImpl","METHOD":"save:37","LOB":"PLANS","APP":"CustomerService","REFERRER":"http://localhost:8080/customer/save","REQ_SIZE":"91","RESP_SIZE":"","SOURCE_IP":"","DESTINATION_IP":"10.132.155.131","USER-AGENT":"Other|Other-null","USER_EMAIL":"vishal.palla@cbre.com","ACTIVITY_ID":"c5503850-9800-4771-8b6b-6a0124321cb9","SERVICE_URL":"http://localhost:8080/customer/save","CONTAINER_ID":"","IMAGE_ID":"","ENVIRORMENT":"dev","RESPCODE":"","RESPTIME":"","Company":"CBRE","gender":"male","name":"vishal","email":"vishal.palla@cbre.com","FRIENDLY_MSG":"in Service!!"}
{"Timestamp":"2021-06-28T15:54:32","Level":"INFO","Class":"LoggerInterceptor","METHOD":"postHandle:94","LOB":"PLANS","APP":"CustomerService","REFERRER":"http://localhost:8080/customer/save","REQ_SIZE":"91","RESP_SIZE":"","SOURCE_IP":"","DESTINATION_IP":"10.132.155.131","USER-AGENT":"Other|Other-null","USER_EMAIL":"vishal.palla@cbre.com","ACTIVITY_ID":"c5503850-9800-4771-8b6b-6a0124321cb9","SERVICE_URL":"http://localhost:8080/customer/save","CONTAINER_ID":"","IMAGE_ID":"","ENVIRORMENT":"dev","RESPCODE":"200","RESPTIME":"290","Company":"CBRE","gender":"male","name":"vishal","email":"vishal.palla@cbre.com","FRIENDLY_MSG":"OK"}
{"Timestamp":"2021-06-28T15:54:33","Level":"INFO","Class":"CustomerServiceImpl","METHOD":"save:37","LOB":"PLANS","APP":"CustomerService","REFERRER":"http://localhost:8080/customer/save","REQ_SIZE":"91","RESP_SIZE":"","SOURCE_IP":"","DESTINATION_IP":"10.132.155.131","USER-AGENT":"Other|Other-null","USER_EMAIL":"vishal.palla@cbre.com","ACTIVITY_ID":"e48f8b7e-4aa5-4d99-b169-47528383b983","SERVICE_URL":"http://localhost:8080/customer/save","CONTAINER_ID":"","IMAGE_ID":"","ENVIRORMENT":"dev","RESPCODE":"","RESPTIME":"","Company":"CBRE","gender":"male","name":"vishal","email":"vishal.palla@cbre.com","FRIENDLY_MSG":"in Service!!"}
{"Timestamp":"2021-06-28T15:54:33","Level":"INFO","Class":"LoggerInterceptor","METHOD":"postHandle:94","LOB":"PLANS","APP":"CustomerService","REFERRER":"http://localhost:8080/customer/save","REQ_SIZE":"91","RESP_SIZE":"","SOURCE_IP":"","DESTINATION_IP":"10.132.155.131","USER-AGENT":"Other|Other-null","USER_EMAIL":"vishal.palla@cbre.com","ACTIVITY_ID":"e48f8b7e-4aa5-4d99-b169-47528383b983","SERVICE_URL":"http://localhost:8080/customer/save","CONTAINER_ID":"","IMAGE_ID":"","ENVIRORMENT":"dev","RESPCODE":"200","RESPTIME":"58","Company":"CBRE","gender":"male","name":"vishal","email":"vishal.palla@cbre.com","FRIENDLY_MSG":"OK"}
{"Timestamp":"2021-06-28T16:04:58","Level":"INFO","Class":"SpringApplicationAdminMXBeanRegistrar$SpringApplicationAdmin","METHOD":"shutdown:159","FRIENDLY_MSG":"Application shutdown requested."}
{"Timestamp":"2021-06-28T16:04:58","Level":"INFO","Class":"ApplicationAvailabilityBean","METHOD":"logStateChange:75","FRIENDLY_MSG":"Application availability state ReadinessState changed from ACCEPTING_TRAFFIC to REFUSING_TRAFFIC"}
